GNU Make 3.81
Copyright (C) 2006  Free Software Foundation, Inc.
This is free software; see the source for copying conditions.
There is NO warranty; not even for MERCHANTABILITY or FITNESS FOR A
PARTICULAR PURPOSE.

This program built for i386-apple-darwin11.3.0
Reading makefiles...
Updating makefiles....
 Considering target file `GNUmakefile'.
  File `GNUmakefile' does not exist.
  Looking for an implicit rule for `GNUmakefile'.
  Trying pattern rule with stem `GNUmakefile'.
  Trying implicit prerequisite `GNUmakefile.o'.
  Trying pattern rule with stem `GNUmakefile'.
  Trying implicit prerequisite `GNUmakefile.c'.
  Trying pattern rule with stem `GNUmakefile'.
  Trying implicit prerequisite `GNUmakefile.cc'.
  Trying pattern rule with stem `GNUmakefile'.
  Trying implicit prerequisite `GNUmakefile.C'.
  Trying pattern rule with stem `GNUmakefile'.
  Trying implicit prerequisite `GNUmakefile.cpp'.
  Trying pattern rule with stem `GNUmakefile'.
  Trying implicit prerequisite `GNUmakefile.p'.
  Trying pattern rule with stem `GNUmakefile'.
  Trying implicit prerequisite `GNUmakefile.f'.
  Trying pattern rule with stem `GNUmakefile'.
  Trying implicit prerequisite `GNUmakefile.F'.
  Trying pattern rule with stem `GNUmakefile'.
  Trying implicit prerequisite `GNUmakefile.m'.
  Trying pattern rule with stem `GNUmakefile'.
  Trying implicit prerequisite `GNUmakefile.r'.
  Trying pattern rule with stem `GNUmakefile'.
  Trying implicit prerequisite `GNUmakefile.s'.
  Trying pattern rule with stem `GNUmakefile'.
  Trying implicit prerequisite `GNUmakefile.S'.
  Trying pattern rule with stem `GNUmakefile'.
  Trying implicit prerequisite `GNUmakefile.mod'.
  Trying pattern rule with stem `GNUmakefile'.
  Trying implicit prerequisite `GNUmakefile.sh'.
  Trying pattern rule with stem `GNUmakefile'.
  Trying implicit prerequisite `GNUmakefile,v'.
  Trying pattern rule with stem `GNUmakefile'.
  Trying implicit prerequisite `RCS/GNUmakefile,v'.
  Trying pattern rule with stem `GNUmakefile'.
  Trying implicit prerequisite `RCS/GNUmakefile'.
  Trying pattern rule with stem `GNUmakefile'.
  Trying implicit prerequisite `s.GNUmakefile'.
  Trying pattern rule with stem `GNUmakefile'.
  Trying implicit prerequisite `SCCS/s.GNUmakefile'.
  Trying pattern rule with stem `GNUmakefile'.
  Trying implicit prerequisite `GNUmakefile.o'.
  Looking for a rule with intermediate file `GNUmakefile.o'.
   Avoiding implicit rule recursion.
   Trying pattern rule with stem `GNUmakefile'.
   Trying implicit prerequisite `GNUmakefile.c'.
   Trying pattern rule with stem `GNUmakefile'.
   Trying implicit prerequisite `GNUmakefile.cc'.
   Trying pattern rule with stem `GNUmakefile'.
   Trying implicit prerequisite `GNUmakefile.C'.
   Trying pattern rule with stem `GNUmakefile'.
   Trying implicit prerequisite `GNUmakefile.cpp'.
   Trying pattern rule with stem `GNUmakefile'.
   Trying implicit prerequisite `GNUmakefile.p'.
   Trying pattern rule with stem `GNUmakefile'.
   Trying implicit prerequisite `GNUmakefile.f'.
   Trying pattern rule with stem `GNUmakefile'.
   Trying implicit prerequisite `GNUmakefile.F'.
   Trying pattern rule with stem `GNUmakefile'.
   Trying implicit prerequisite `GNUmakefile.m'.
   Trying pattern rule with stem `GNUmakefile'.
   Trying implicit prerequisite `GNUmakefile.r'.
   Trying pattern rule with stem `GNUmakefile'.
   Trying implicit prerequisite `GNUmakefile.s'.
   Trying pattern rule with stem `GNUmakefile'.
   Trying implicit prerequisite `GNUmakefile.S'.
   Trying pattern rule with stem `GNUmakefile'.
   Trying implicit prerequisite `GNUmakefile.mod'.
   Trying pattern rule with stem `GNUmakefile.o'.
   Trying implicit prerequisite `GNUmakefile.o,v'.
   Trying pattern rule with stem `GNUmakefile.o'.
   Trying implicit prerequisite `RCS/GNUmakefile.o,v'.
   Trying pattern rule with stem `GNUmakefile.o'.
   Trying implicit prerequisite `RCS/GNUmakefile.o'.
   Trying pattern rule with stem `GNUmakefile.o'.
   Trying implicit prerequisite `s.GNUmakefile.o'.
   Trying pattern rule with stem `GNUmakefile.o'.
   Trying implicit prerequisite `SCCS/s.GNUmakefile.o'.
   Trying pattern rule with stem `GNUmakefile'.
   Trying implicit prerequisite `GNUmakefile.c'.
   Looking for a rule with intermediate file `GNUmakefile.c'.
    Avoiding implicit rule recursion.
    Avoiding implicit rule recursion.
    Trying pattern rule with stem `GNUmakefile'.
    Trying implicit prerequisite `GNUmakefile.y'.
    Trying pattern rule with stem `GNUmakefile'.
    Trying implicit prerequisite `GNUmakefile.l'.
    Trying pattern rule with stem `GNUmakefile'.
    Trying implicit prerequisite `GNUmakefile.w'.
    Trying pattern rule with stem `GNUmakefile'.
    Trying implicit prerequisite `GNUmakefile.w'.
    Trying pattern rule with stem `GNUmakefile.c'.
    Trying implicit prerequisite `GNUmakefile.c,v'.
    Trying pattern rule with stem `GNUmakefile.c'.
    Trying implicit prerequisite `RCS/GNUmakefile.c,v'.
    Trying pattern rule with stem `GNUmakefile.c'.
    Trying implicit prerequisite `RCS/GNUmakefile.c'.
    Trying pattern rule with stem `GNUmakefile.c'.
    Trying implicit prerequisite `s.GNUmakefile.c'.
    Trying pattern rule with stem `GNUmakefile.c'.
    Trying implicit prerequisite `SCCS/s.GNUmakefile.c'.
    Trying pattern rule with stem `GNUmakefile'.
    Trying implicit prerequisite `GNUmakefile.y'.
    Looking for a rule with intermediate file `GNUmakefile.y'.
     Avoiding implicit rule recursion.
     Avoiding implicit rule recursion.
     Avoiding implicit rule recursion.
     Trying pattern rule with stem `GNUmakefile.y'.
     Trying implicit prerequisite `GNUmakefile.y,v'.
     Trying pattern rule with stem `GNUmakefile.y'.
     Trying implicit prerequisite `RCS/GNUmakefile.y,v'.
     Trying pattern rule with stem `GNUmakefile.y'.
     Trying implicit prerequisite `RCS/GNUmakefile.y'.
     Trying pattern rule with stem `GNUmakefile.y'.
     Trying implicit prerequisite `s.GNUmakefile.y'.
     Trying pattern rule with stem `GNUmakefile.y'.
     Trying implicit prerequisite `SCCS/s.GNUmakefile.y'.
    Trying pattern rule with stem `GNUmakefile'.
    Trying implicit prerequisite `GNUmakefile.l'.
    Looking for a rule with intermediate file `GNUmakefile.l'.
     Avoiding implicit rule recursion.
     Avoiding implicit rule recursion.
     Avoiding implicit rule recursion.
     Trying pattern rule with stem `GNUmakefile.l'.
     Trying implicit prerequisite `GNUmakefile.l,v'.
     Trying pattern rule with stem `GNUmakefile.l'.
     Trying implicit prerequisite `RCS/GNUmakefile.l,v'.
     Trying pattern rule with stem `GNUmakefile.l'.
     Trying implicit prerequisite `RCS/GNUmakefile.l'.
     Trying pattern rule with stem `GNUmakefile.l'.
     Trying implicit prerequisite `s.GNUmakefile.l'.
     Trying pattern rule with stem `GNUmakefile.l'.
     Trying implicit prerequisite `SCCS/s.GNUmakefile.l'.
    Trying pattern rule with stem `GNUmakefile'.
    Trying implicit prerequisite `GNUmakefile.w'.
    Looking for a rule with intermediate file `GNUmakefile.w'.
     Avoiding implicit rule recursion.
     Avoiding implicit rule recursion.
     Avoiding implicit rule recursion.
     Trying pattern rule with stem `GNUmakefile.w'.
     Trying implicit prerequisite `GNUmakefile.w,v'.
     Trying pattern rule with stem `GNUmakefile.w'.
     Trying implicit prerequisite `RCS/GNUmakefile.w,v'.
     Trying pattern rule with stem `GNUmakefile.w'.
     Trying implicit prerequisite `RCS/GNUmakefile.w'.
     Trying pattern rule with stem `GNUmakefile.w'.
     Trying implicit prerequisite `s.GNUmakefile.w'.
     Trying pattern rule with stem `GNUmakefile.w'.
     Trying implicit prerequisite `SCCS/s.GNUmakefile.w'.
    Trying pattern rule with stem `GNUmakefile'.
    Rejecting impossible implicit prerequisite `GNUmakefile.w'.
   Trying pattern rule with stem `GNUmakefile'.
   Trying implicit prerequisite `GNUmakefile.cc'.
   Looking for a rule with intermediate file `GNUmakefile.cc'.
    Avoiding implicit rule recursion.
    Avoiding implicit rule recursion.
    Trying pattern rule with stem `GNUmakefile.cc'.
    Trying implicit prerequisite `GNUmakefile.cc,v'.
    Trying pattern rule with stem `GNUmakefile.cc'.
    Trying implicit prerequisite `RCS/GNUmakefile.cc,v'.
    Trying pattern rule with stem `GNUmakefile.cc'.
    Trying implicit prerequisite `RCS/GNUmakefile.cc'.
    Trying pattern rule with stem `GNUmakefile.cc'.
    Trying implicit prerequisite `s.GNUmakefile.cc'.
    Trying pattern rule with stem `GNUmakefile.cc'.
    Trying implicit prerequisite `SCCS/s.GNUmakefile.cc'.
   Trying pattern rule with stem `GNUmakefile'.
   Trying implicit prerequisite `GNUmakefile.C'.
   Looking for a rule with intermediate file `GNUmakefile.C'.
    Avoiding implicit rule recursion.
    Avoiding implicit rule recursion.
    Trying pattern rule with stem `GNUmakefile.C'.
    Trying implicit prerequisite `GNUmakefile.C,v'.
    Trying pattern rule with stem `GNUmakefile.C'.
    Trying implicit prerequisite `RCS/GNUmakefile.C,v'.
    Trying pattern rule with stem `GNUmakefile.C'.
    Trying implicit prerequisite `RCS/GNUmakefile.C'.
    Trying pattern rule with stem `GNUmakefile.C'.
    Trying implicit prerequisite `s.GNUmakefile.C'.
    Trying pattern rule with stem `GNUmakefile.C'.
    Trying implicit prerequisite `SCCS/s.GNUmakefile.C'.
   Trying pattern rule with stem `GNUmakefile'.
   Trying implicit prerequisite `GNUmakefile.cpp'.
   Looking for a rule with intermediate file `GNUmakefile.cpp'.
    Avoiding implicit rule recursion.
    Avoiding implicit rule recursion.
    Trying pattern rule with stem `GNUmakefile.cpp'.
    Trying implicit prerequisite `GNUmakefile.cpp,v'.
    Trying pattern rule with stem `GNUmakefile.cpp'.
    Trying implicit prerequisite `RCS/GNUmakefile.cpp,v'.
    Trying pattern rule with stem `GNUmakefile.cpp'.
    Trying implicit prerequisite `RCS/GNUmakefile.cpp'.
    Trying pattern rule with stem `GNUmakefile.cpp'.
    Trying implicit prerequisite `s.GNUmakefile.cpp'.
    Trying pattern rule with stem `GNUmakefile.cpp'.
    Trying implicit prerequisite `SCCS/s.GNUmakefile.cpp'.
   Trying pattern rule with stem `GNUmakefile'.
   Trying implicit prerequisite `GNUmakefile.p'.
   Looking for a rule with intermediate file `GNUmakefile.p'.
    Avoiding implicit rule recursion.
    Avoiding implicit rule recursion.
    Trying pattern rule with stem `GNUmakefile'.
    Trying implicit prerequisite `GNUmakefile.web'.
    Trying pattern rule with stem `GNUmakefile.p'.
    Trying implicit prerequisite `GNUmakefile.p,v'.
    Trying pattern rule with stem `GNUmakefile.p'.
    Trying implicit prerequisite `RCS/GNUmakefile.p,v'.
    Trying pattern rule with stem `GNUmakefile.p'.
    Trying implicit prerequisite `RCS/GNUmakefile.p'.
    Trying pattern rule with stem `GNUmakefile.p'.
    Trying implicit prerequisite `s.GNUmakefile.p'.
    Trying pattern rule with stem `GNUmakefile.p'.
    Trying implicit prerequisite `SCCS/s.GNUmakefile.p'.
    Trying pattern rule with stem `GNUmakefile'.
    Trying implicit prerequisite `GNUmakefile.web'.
    Looking for a rule with intermediate file `GNUmakefile.web'.
     Avoiding implicit rule recursion.
     Avoiding implicit rule recursion.
     Avoiding implicit rule recursion.
     Trying pattern rule with stem `GNUmakefile.web'.
     Trying implicit prerequisite `GNUmakefile.web,v'.
     Trying pattern rule with stem `GNUmakefile.web'.
     Trying implicit prerequisite `RCS/GNUmakefile.web,v'.
     Trying pattern rule with stem `GNUmakefile.web'.
     Trying implicit prerequisite `RCS/GNUmakefile.web'.
     Trying pattern rule with stem `GNUmakefile.web'.
     Trying implicit prerequisite `s.GNUmakefile.web'.
     Trying pattern rule with stem `GNUmakefile.web'.
     Trying implicit prerequisite `SCCS/s.GNUmakefile.web'.
   Trying pattern rule with stem `GNUmakefile'.
   Trying implicit prerequisite `GNUmakefile.f'.
   Looking for a rule with intermediate file `GNUmakefile.f'.
    Avoiding implicit rule recursion.
    Avoiding implicit rule recursion.
    Trying pattern rule with stem `GNUmakefile'.
    Trying implicit prerequisite `GNUmakefile.F'.
    Trying pattern rule with stem `GNUmakefile'.
    Trying implicit prerequisite `GNUmakefile.r'.
    Trying pattern rule with stem `GNUmakefile.f'.
    Trying implicit prerequisite `GNUmakefile.f,v'.
    Trying pattern rule with stem `GNUmakefile.f'.
    Trying implicit prerequisite `RCS/GNUmakefile.f,v'.
    Trying pattern rule with stem `GNUmakefile.f'.
    Trying implicit prerequisite `RCS/GNUmakefile.f'.
    Trying pattern rule with stem `GNUmakefile.f'.
    Trying implicit prerequisite `s.GNUmakefile.f'.
    Trying pattern rule with stem `GNUmakefile.f'.
    Trying implicit prerequisite `SCCS/s.GNUmakefile.f'.
    Trying pattern rule with stem `GNUmakefile'.
    Trying implicit prerequisite `GNUmakefile.F'.
    Looking for a rule with intermediate file `GNUmakefile.F'.
     Avoiding implicit rule recursion.
     Avoiding implicit rule recursion.
     Avoiding implicit rule recursion.
     Trying pattern rule with stem `GNUmakefile.F'.
     Trying implicit prerequisite `GNUmakefile.F,v'.
     Trying pattern rule with stem `GNUmakefile.F'.
     Trying implicit prerequisite `RCS/GNUmakefile.F,v'.
     Trying pattern rule with stem `GNUmakefile.F'.
     Trying implicit prerequisite `RCS/GNUmakefile.F'.
     Trying pattern rule with stem `GNUmakefile.F'.
     Trying implicit prerequisite `s.GNUmakefile.F'.
     Trying pattern rule with stem `GNUmakefile.F'.
     Trying implicit prerequisite `SCCS/s.GNUmakefile.F'.
    Trying pattern rule with stem `GNUmakefile'.
    Trying implicit prerequisite `GNUmakefile.r'.
    Looking for a rule with intermediate file `GNUmakefile.r'.
     Avoiding implicit rule recursion.
     Avoiding implicit rule recursion.
     Avoiding implicit rule recursion.
     Trying pattern rule with stem `GNUmakefile'.
     Rejecting impossible implicit prerequisite `GNUmakefile.l'.
     Trying pattern rule with stem `GNUmakefile.r'.
     Trying implicit prerequisite `GNUmakefile.r,v'.
     Trying pattern rule with stem `GNUmakefile.r'.
     Trying implicit prerequisite `RCS/GNUmakefile.r,v'.
     Trying pattern rule with stem `GNUmakefile.r'.
     Trying implicit prerequisite `RCS/GNUmakefile.r'.
     Trying pattern rule with stem `GNUmakefile.r'.
     Trying implicit prerequisite `s.GNUmakefile.r'.
     Trying pattern rule with stem `GNUmakefile.r'.
     Trying implicit prerequisite `SCCS/s.GNUmakefile.r'.
   Trying pattern rule with stem `GNUmakefile'.
   Rejecting impossible implicit prerequisite `GNUmakefile.F'.
   Trying pattern rule with stem `GNUmakefile'.
   Trying implicit prerequisite `GNUmakefile.m'.
   Looking for a rule with intermediate file `GNUmakefile.m'.
    Avoiding implicit rule recursion.
    Avoiding implicit rule recursion.
    Trying pattern rule with stem `GNUmakefile'.
    Trying implicit prerequisite `GNUmakefile.ym'.
    Trying pattern rule with stem `GNUmakefile'.
    Trying implicit prerequisite `GNUmakefile.lm'.
    Trying pattern rule with stem `GNUmakefile.m'.
    Trying implicit prerequisite `GNUmakefile.m,v'.
    Trying pattern rule with stem `GNUmakefile.m'.
    Trying implicit prerequisite `RCS/GNUmakefile.m,v'.
    Trying pattern rule with stem `GNUmakefile.m'.
    Trying implicit prerequisite `RCS/GNUmakefile.m'.
    Trying pattern rule with stem `GNUmakefile.m'.
    Trying implicit prerequisite `s.GNUmakefile.m'.
    Trying pattern rule with stem `GNUmakefile.m'.
    Trying implicit prerequisite `SCCS/s.GNUmakefile.m'.
    Trying pattern rule with stem `GNUmakefile'.
    Trying implicit prerequisite `GNUmakefile.ym'.
    Looking for a rule with intermediate file `GNUmakefile.ym'.
     Avoiding implicit rule recursion.
     Avoiding implicit rule recursion.
     Avoiding implicit rule recursion.
     Trying pattern rule with stem `GNUmakefile.ym'.
     Trying implicit prerequisite `GNUmakefile.ym,v'.
     Trying pattern rule with stem `GNUmakefile.ym'.
     Trying implicit prerequisite `RCS/GNUmakefile.ym,v'.
     Trying pattern rule with stem `GNUmakefile.ym'.
     Trying implicit prerequisite `RCS/GNUmakefile.ym'.
     Trying pattern rule with stem `GNUmakefile.ym'.
     Trying implicit prerequisite `s.GNUmakefile.ym'.
     Trying pattern rule with stem `GNUmakefile.ym'.
     Trying implicit prerequisite `SCCS/s.GNUmakefile.ym'.
    Trying pattern rule with stem `GNUmakefile'.
    Trying implicit prerequisite `GNUmakefile.lm'.
    Looking for a rule with intermediate file `GNUmakefile.lm'.
     Avoiding implicit rule recursion.
     Avoiding implicit rule recursion.
     Avoiding implicit rule recursion.
     Trying pattern rule with stem `GNUmakefile.lm'.
     Trying implicit prerequisite `GNUmakefile.lm,v'.
     Trying pattern rule with stem `GNUmakefile.lm'.
     Trying implicit prerequisite `RCS/GNUmakefile.lm,v'.
     Trying pattern rule with stem `GNUmakefile.lm'.
     Trying implicit prerequisite `RCS/GNUmakefile.lm'.
     Trying pattern rule with stem `GNUmakefile.lm'.
     Trying implicit prerequisite `s.GNUmakefile.lm'.
     Trying pattern rule with stem `GNUmakefile.lm'.
     Trying implicit prerequisite `SCCS/s.GNUmakefile.lm'.
   Trying pattern rule with stem `GNUmakefile'.
   Rejecting impossible implicit prerequisite `GNUmakefile.r'.
   Trying pattern rule with stem `GNUmakefile'.
   Trying implicit prerequisite `GNUmakefile.s'.
   Looking for a rule with intermediate file `GNUmakefile.s'.
    Avoiding implicit rule recursion.
    Avoiding implicit rule recursion.
    Trying pattern rule with stem `GNUmakefile'.
    Trying implicit prerequisite `GNUmakefile.S'.
    Trying pattern rule with stem `GNUmakefile.s'.
    Trying implicit prerequisite `GNUmakefile.s,v'.
    Trying pattern rule with stem `GNUmakefile.s'.
    Trying implicit prerequisite `RCS/GNUmakefile.s,v'.
    Trying pattern rule with stem `GNUmakefile.s'.
    Trying implicit prerequisite `RCS/GNUmakefile.s'.
    Trying pattern rule with stem `GNUmakefile.s'.
    Trying implicit prerequisite `s.GNUmakefile.s'.
    Trying pattern rule with stem `GNUmakefile.s'.
    Trying implicit prerequisite `SCCS/s.GNUmakefile.s'.
    Trying pattern rule with stem `GNUmakefile'.
    Trying implicit prerequisite `GNUmakefile.S'.
    Looking for a rule with intermediate file `GNUmakefile.S'.
     Avoiding implicit rule recursion.
     Avoiding implicit rule recursion.
     Avoiding implicit rule recursion.
     Trying pattern rule with stem `GNUmakefile.S'.
     Trying implicit prerequisite `GNUmakefile.S,v'.
     Trying pattern rule with stem `GNUmakefile.S'.
     Trying implicit prerequisite `RCS/GNUmakefile.S,v'.
     Trying pattern rule with stem `GNUmakefile.S'.
     Trying implicit prerequisite `RCS/GNUmakefile.S'.
     Trying pattern rule with stem `GNUmakefile.S'.
     Trying implicit prerequisite `s.GNUmakefile.S'.
     Trying pattern rule with stem `GNUmakefile.S'.
     Trying implicit prerequisite `SCCS/s.GNUmakefile.S'.
   Trying pattern rule with stem `GNUmakefile'.
   Rejecting impossible implicit prerequisite `GNUmakefile.S'.
   Trying pattern rule with stem `GNUmakefile'.
   Trying implicit prerequisite `GNUmakefile.mod'.
   Looking for a rule with intermediate file `GNUmakefile.mod'.
    Avoiding implicit rule recursion.
    Avoiding implicit rule recursion.
    Trying pattern rule with stem `GNUmakefile.mod'.
    Trying implicit prerequisite `GNUmakefile.mod,v'.
    Trying pattern rule with stem `GNUmakefile.mod'.
    Trying implicit prerequisite `RCS/GNUmakefile.mod,v'.
    Trying pattern rule with stem `GNUmakefile.mod'.
    Trying implicit prerequisite `RCS/GNUmakefile.mod'.
    Trying pattern rule with stem `GNUmakefile.mod'.
    Trying implicit prerequisite `s.GNUmakefile.mod'.
    Trying pattern rule with stem `GNUmakefile.mod'.
    Trying implicit prerequisite `SCCS/s.GNUmakefile.mod'.
  Trying pattern rule with stem `GNUmakefile'.
  Rejecting impossible implicit prerequisite `GNUmakefile.c'.
  Trying pattern rule with stem `GNUmakefile'.
  Rejecting impossible implicit prerequisite `GNUmakefile.cc'.
  Trying pattern rule with stem `GNUmakefile'.
  Rejecting impossible implicit prerequisite `GNUmakefile.C'.
  Trying pattern rule with stem `GNUmakefile'.
  Rejecting impossible implicit prerequisite `GNUmakefile.cpp'.
  Trying pattern rule with stem `GNUmakefile'.
  Rejecting impossible implicit prerequisite `GNUmakefile.p'.
  Trying pattern rule with stem `GNUmakefile'.
  Rejecting impossible implicit prerequisite `GNUmakefile.f'.
  Trying pattern rule with stem `GNUmakefile'.
  Rejecting impossible implicit prerequisite `GNUmakefile.F'.
  Trying pattern rule with stem `GNUmakefile'.
  Rejecting impossible implicit prerequisite `GNUmakefile.m'.
  Trying pattern rule with stem `GNUmakefile'.
  Rejecting impossible implicit prerequisite `GNUmakefile.r'.
  Trying pattern rule with stem `GNUmakefile'.
  Rejecting impossible implicit prerequisite `GNUmakefile.s'.
  Trying pattern rule with stem `GNUmakefile'.
  Rejecting impossible implicit prerequisite `GNUmakefile.S'.
  Trying pattern rule with stem `GNUmakefile'.
  Rejecting impossible implicit prerequisite `GNUmakefile.mod'.
  Trying pattern rule with stem `GNUmakefile'.
  Trying implicit prerequisite `GNUmakefile.sh'.
  Looking for a rule with intermediate file `GNUmakefile.sh'.
   Avoiding implicit rule recursion.
   Trying pattern rule with stem `GNUmakefile.sh'.
   Trying implicit prerequisite `GNUmakefile.sh,v'.
   Trying pattern rule with stem `GNUmakefile.sh'.
   Trying implicit prerequisite `RCS/GNUmakefile.sh,v'.
   Trying pattern rule with stem `GNUmakefile.sh'.
   Trying implicit prerequisite `RCS/GNUmakefile.sh'.
   Trying pattern rule with stem `GNUmakefile.sh'.
   Trying implicit prerequisite `s.GNUmakefile.sh'.
   Trying pattern rule with stem `GNUmakefile.sh'.
   Trying implicit prerequisite `SCCS/s.GNUmakefile.sh'.
  No implicit rule found for `GNUmakefile'.
  Finished prerequisites of target file `GNUmakefile'.
 Must remake target `GNUmakefile'.
 Failed to remake target file `GNUmakefile'.
 Considering target file `makefile'.
  File `makefile' does not exist.
  Looking for an implicit rule for `makefile'.
  Trying pattern rule with stem `makefile'.
  Trying implicit prerequisite `makefile.o'.
  Trying pattern rule with stem `makefile'.
  Trying implicit prerequisite `makefile.c'.
  Trying pattern rule with stem `makefile'.
  Trying implicit prerequisite `makefile.cc'.
  Trying pattern rule with stem `makefile'.
  Trying implicit prerequisite `makefile.C'.
  Trying pattern rule with stem `makefile'.
  Trying implicit prerequisite `makefile.cpp'.
  Trying pattern rule with stem `makefile'.
  Trying implicit prerequisite `makefile.p'.
  Trying pattern rule with stem `makefile'.
  Trying implicit prerequisite `makefile.f'.
  Trying pattern rule with stem `makefile'.
  Trying implicit prerequisite `makefile.F'.
  Trying pattern rule with stem `makefile'.
  Trying implicit prerequisite `makefile.m'.
  Trying pattern rule with stem `makefile'.
  Trying implicit prerequisite `makefile.r'.
  Trying pattern rule with stem `makefile'.
  Trying implicit prerequisite `makefile.s'.
  Trying pattern rule with stem `makefile'.
  Trying implicit prerequisite `makefile.S'.
  Trying pattern rule with stem `makefile'.
  Trying implicit prerequisite `makefile.mod'.
  Trying pattern rule with stem `makefile'.
  Trying implicit prerequisite `makefile.sh'.
  Trying pattern rule with stem `makefile'.
  Trying implicit prerequisite `makefile,v'.
  Trying pattern rule with stem `makefile'.
  Trying implicit prerequisite `RCS/makefile,v'.
  Trying pattern rule with stem `makefile'.
  Trying implicit prerequisite `RCS/makefile'.
  Trying pattern rule with stem `makefile'.
  Trying implicit prerequisite `s.makefile'.
  Trying pattern rule with stem `makefile'.
  Trying implicit prerequisite `SCCS/s.makefile'.
  Trying pattern rule with stem `makefile'.
  Trying implicit prerequisite `makefile.o'.
  Looking for a rule with intermediate file `makefile.o'.
   Avoiding implicit rule recursion.
   Trying pattern rule with stem `makefile'.
   Trying implicit prerequisite `makefile.c'.
   Trying pattern rule with stem `makefile'.
   Trying implicit prerequisite `makefile.cc'.
   Trying pattern rule with stem `makefile'.
   Trying implicit prerequisite `makefile.C'.
   Trying pattern rule with stem `makefile'.
   Trying implicit prerequisite `makefile.cpp'.
   Trying pattern rule with stem `makefile'.
   Trying implicit prerequisite `makefile.p'.
   Trying pattern rule with stem `makefile'.
   Trying implicit prerequisite `makefile.f'.
   Trying pattern rule with stem `makefile'.
   Trying implicit prerequisite `makefile.F'.
   Trying pattern rule with stem `makefile'.
   Trying implicit prerequisite `makefile.m'.
   Trying pattern rule with stem `makefile'.
   Trying implicit prerequisite `makefile.r'.
   Trying pattern rule with stem `makefile'.
   Trying implicit prerequisite `makefile.s'.
   Trying pattern rule with stem `makefile'.
   Trying implicit prerequisite `makefile.S'.
   Trying pattern rule with stem `makefile'.
   Trying implicit prerequisite `makefile.mod'.
   Trying pattern rule with stem `makefile.o'.
   Trying implicit prerequisite `makefile.o,v'.
   Trying pattern rule with stem `makefile.o'.
   Trying implicit prerequisite `RCS/makefile.o,v'.
   Trying pattern rule with stem `makefile.o'.
   Trying implicit prerequisite `RCS/makefile.o'.
   Trying pattern rule with stem `makefile.o'.
   Trying implicit prerequisite `s.makefile.o'.
   Trying pattern rule with stem `makefile.o'.
   Trying implicit prerequisite `SCCS/s.makefile.o'.
   Trying pattern rule with stem `makefile'.
   Trying implicit prerequisite `makefile.c'.
   Looking for a rule with intermediate file `makefile.c'.
    Avoiding implicit rule recursion.
    Avoiding implicit rule recursion.
    Trying pattern rule with stem `makefile'.
    Trying implicit prerequisite `makefile.y'.
    Trying pattern rule with stem `makefile'.
    Trying implicit prerequisite `makefile.l'.
    Trying pattern rule with stem `makefile'.
    Trying implicit prerequisite `makefile.w'.
    Trying pattern rule with stem `makefile'.
    Trying implicit prerequisite `makefile.w'.
    Trying pattern rule with stem `makefile.c'.
    Trying implicit prerequisite `makefile.c,v'.
    Trying pattern rule with stem `makefile.c'.
    Trying implicit prerequisite `RCS/makefile.c,v'.
    Trying pattern rule with stem `makefile.c'.
    Trying implicit prerequisite `RCS/makefile.c'.
    Trying pattern rule with stem `makefile.c'.
    Trying implicit prerequisite `s.makefile.c'.
    Trying pattern rule with stem `makefile.c'.
    Trying implicit prerequisite `SCCS/s.makefile.c'.
    Trying pattern rule with stem `makefile'.
    Trying implicit prerequisite `makefile.y'.
    Looking for a rule with intermediate file `makefile.y'.
     Avoiding implicit rule recursion.
     Avoiding implicit rule recursion.
     Avoiding implicit rule recursion.
     Trying pattern rule with stem `makefile.y'.
     Trying implicit prerequisite `makefile.y,v'.
     Trying pattern rule with stem `makefile.y'.
     Trying implicit prerequisite `RCS/makefile.y,v'.
     Trying pattern rule with stem `makefile.y'.
     Trying implicit prerequisite `RCS/makefile.y'.
     Trying pattern rule with stem `makefile.y'.
     Trying implicit prerequisite `s.makefile.y'.
     Trying pattern rule with stem `makefile.y'.
     Trying implicit prerequisite `SCCS/s.makefile.y'.
    Trying pattern rule with stem `makefile'.
    Trying implicit prerequisite `makefile.l'.
    Looking for a rule with intermediate file `makefile.l'.
     Avoiding implicit rule recursion.
     Avoiding implicit rule recursion.
     Avoiding implicit rule recursion.
     Trying pattern rule with stem `makefile.l'.
     Trying implicit prerequisite `makefile.l,v'.
     Trying pattern rule with stem `makefile.l'.
     Trying implicit prerequisite `RCS/makefile.l,v'.
     Trying pattern rule with stem `makefile.l'.
     Trying implicit prerequisite `RCS/makefile.l'.
     Trying pattern rule with stem `makefile.l'.
     Trying implicit prerequisite `s.makefile.l'.
     Trying pattern rule with stem `makefile.l'.
     Trying implicit prerequisite `SCCS/s.makefile.l'.
    Trying pattern rule with stem `makefile'.
    Trying implicit prerequisite `makefile.w'.
    Looking for a rule with intermediate file `makefile.w'.
     Avoiding implicit rule recursion.
     Avoiding implicit rule recursion.
     Avoiding implicit rule recursion.
     Trying pattern rule with stem `makefile.w'.
     Trying implicit prerequisite `makefile.w,v'.
     Trying pattern rule with stem `makefile.w'.
     Trying implicit prerequisite `RCS/makefile.w,v'.
     Trying pattern rule with stem `makefile.w'.
     Trying implicit prerequisite `RCS/makefile.w'.
     Trying pattern rule with stem `makefile.w'.
     Trying implicit prerequisite `s.makefile.w'.
     Trying pattern rule with stem `makefile.w'.
     Trying implicit prerequisite `SCCS/s.makefile.w'.
    Trying pattern rule with stem `makefile'.
    Rejecting impossible implicit prerequisite `makefile.w'.
   Trying pattern rule with stem `makefile'.
   Trying implicit prerequisite `makefile.cc'.
   Looking for a rule with intermediate file `makefile.cc'.
    Avoiding implicit rule recursion.
    Avoiding implicit rule recursion.
    Trying pattern rule with stem `makefile.cc'.
    Trying implicit prerequisite `makefile.cc,v'.
    Trying pattern rule with stem `makefile.cc'.
    Trying implicit prerequisite `RCS/makefile.cc,v'.
    Trying pattern rule with stem `makefile.cc'.
    Trying implicit prerequisite `RCS/makefile.cc'.
    Trying pattern rule with stem `makefile.cc'.
    Trying implicit prerequisite `s.makefile.cc'.
    Trying pattern rule with stem `makefile.cc'.
    Trying implicit prerequisite `SCCS/s.makefile.cc'.
   Trying pattern rule with stem `makefile'.
   Trying implicit prerequisite `makefile.C'.
   Looking for a rule with intermediate file `makefile.C'.
    Avoiding implicit rule recursion.
    Avoiding implicit rule recursion.
    Trying pattern rule with stem `makefile.C'.
    Trying implicit prerequisite `makefile.C,v'.
    Trying pattern rule with stem `makefile.C'.
    Trying implicit prerequisite `RCS/makefile.C,v'.
    Trying pattern rule with stem `makefile.C'.
    Trying implicit prerequisite `RCS/makefile.C'.
    Trying pattern rule with stem `makefile.C'.
    Trying implicit prerequisite `s.makefile.C'.
    Trying pattern rule with stem `makefile.C'.
    Trying implicit prerequisite `SCCS/s.makefile.C'.
   Trying pattern rule with stem `makefile'.
   Trying implicit prerequisite `makefile.cpp'.
   Looking for a rule with intermediate file `makefile.cpp'.
    Avoiding implicit rule recursion.
    Avoiding implicit rule recursion.
    Trying pattern rule with stem `makefile.cpp'.
    Trying implicit prerequisite `makefile.cpp,v'.
    Trying pattern rule with stem `makefile.cpp'.
    Trying implicit prerequisite `RCS/makefile.cpp,v'.
    Trying pattern rule with stem `makefile.cpp'.
    Trying implicit prerequisite `RCS/makefile.cpp'.
    Trying pattern rule with stem `makefile.cpp'.
    Trying implicit prerequisite `s.makefile.cpp'.
    Trying pattern rule with stem `makefile.cpp'.
    Trying implicit prerequisite `SCCS/s.makefile.cpp'.
   Trying pattern rule with stem `makefile'.
   Trying implicit prerequisite `makefile.p'.
   Looking for a rule with intermediate file `makefile.p'.
    Avoiding implicit rule recursion.
    Avoiding implicit rule recursion.
    Trying pattern rule with stem `makefile'.
    Trying implicit prerequisite `makefile.web'.
    Trying pattern rule with stem `makefile.p'.
    Trying implicit prerequisite `makefile.p,v'.
    Trying pattern rule with stem `makefile.p'.
    Trying implicit prerequisite `RCS/makefile.p,v'.
    Trying pattern rule with stem `makefile.p'.
    Trying implicit prerequisite `RCS/makefile.p'.
    Trying pattern rule with stem `makefile.p'.
    Trying implicit prerequisite `s.makefile.p'.
    Trying pattern rule with stem `makefile.p'.
    Trying implicit prerequisite `SCCS/s.makefile.p'.
    Trying pattern rule with stem `makefile'.
    Trying implicit prerequisite `makefile.web'.
    Looking for a rule with intermediate file `makefile.web'.
     Avoiding implicit rule recursion.
     Avoiding implicit rule recursion.
     Avoiding implicit rule recursion.
     Trying pattern rule with stem `makefile.web'.
     Trying implicit prerequisite `makefile.web,v'.
     Trying pattern rule with stem `makefile.web'.
     Trying implicit prerequisite `RCS/makefile.web,v'.
     Trying pattern rule with stem `makefile.web'.
     Trying implicit prerequisite `RCS/makefile.web'.
     Trying pattern rule with stem `makefile.web'.
     Trying implicit prerequisite `s.makefile.web'.
     Trying pattern rule with stem `makefile.web'.
     Trying implicit prerequisite `SCCS/s.makefile.web'.
   Trying pattern rule with stem `makefile'.
   Trying implicit prerequisite `makefile.f'.
   Looking for a rule with intermediate file `makefile.f'.
    Avoiding implicit rule recursion.
    Avoiding implicit rule recursion.
    Trying pattern rule with stem `makefile'.
    Trying implicit prerequisite `makefile.F'.
    Trying pattern rule with stem `makefile'.
    Trying implicit prerequisite `makefile.r'.
    Trying pattern rule with stem `makefile.f'.
    Trying implicit prerequisite `makefile.f,v'.
    Trying pattern rule with stem `makefile.f'.
    Trying implicit prerequisite `RCS/makefile.f,v'.
    Trying pattern rule with stem `makefile.f'.
    Trying implicit prerequisite `RCS/makefile.f'.
    Trying pattern rule with stem `makefile.f'.
    Trying implicit prerequisite `s.makefile.f'.
    Trying pattern rule with stem `makefile.f'.
    Trying implicit prerequisite `SCCS/s.makefile.f'.
    Trying pattern rule with stem `makefile'.
    Trying implicit prerequisite `makefile.F'.
    Looking for a rule with intermediate file `makefile.F'.
     Avoiding implicit rule recursion.
     Avoiding implicit rule recursion.
     Avoiding implicit rule recursion.
     Trying pattern rule with stem `makefile.F'.
     Trying implicit prerequisite `makefile.F,v'.
     Trying pattern rule with stem `makefile.F'.
     Trying implicit prerequisite `RCS/makefile.F,v'.
     Trying pattern rule with stem `makefile.F'.
     Trying implicit prerequisite `RCS/makefile.F'.
     Trying pattern rule with stem `makefile.F'.
     Trying implicit prerequisite `s.makefile.F'.
     Trying pattern rule with stem `makefile.F'.
     Trying implicit prerequisite `SCCS/s.makefile.F'.
    Trying pattern rule with stem `makefile'.
    Trying implicit prerequisite `makefile.r'.
    Looking for a rule with intermediate file `makefile.r'.
     Avoiding implicit rule recursion.
     Avoiding implicit rule recursion.
     Avoiding implicit rule recursion.
     Trying pattern rule with stem `makefile'.
     Rejecting impossible implicit prerequisite `makefile.l'.
     Trying pattern rule with stem `makefile.r'.
     Trying implicit prerequisite `makefile.r,v'.
     Trying pattern rule with stem `makefile.r'.
     Trying implicit prerequisite `RCS/makefile.r,v'.
     Trying pattern rule with stem `makefile.r'.
     Trying implicit prerequisite `RCS/makefile.r'.
     Trying pattern rule with stem `makefile.r'.
     Trying implicit prerequisite `s.makefile.r'.
     Trying pattern rule with stem `makefile.r'.
     Trying implicit prerequisite `SCCS/s.makefile.r'.
   Trying pattern rule with stem `makefile'.
   Rejecting impossible implicit prerequisite `makefile.F'.
   Trying pattern rule with stem `makefile'.
   Trying implicit prerequisite `makefile.m'.
   Looking for a rule with intermediate file `makefile.m'.
    Avoiding implicit rule recursion.
    Avoiding implicit rule recursion.
    Trying pattern rule with stem `makefile'.
    Trying implicit prerequisite `makefile.ym'.
    Trying pattern rule with stem `makefile'.
    Trying implicit prerequisite `makefile.lm'.
    Trying pattern rule with stem `makefile.m'.
    Trying implicit prerequisite `makefile.m,v'.
    Trying pattern rule with stem `makefile.m'.
    Trying implicit prerequisite `RCS/makefile.m,v'.
    Trying pattern rule with stem `makefile.m'.
    Trying implicit prerequisite `RCS/makefile.m'.
    Trying pattern rule with stem `makefile.m'.
    Trying implicit prerequisite `s.makefile.m'.
    Trying pattern rule with stem `makefile.m'.
    Trying implicit prerequisite `SCCS/s.makefile.m'.
    Trying pattern rule with stem `makefile'.
    Trying implicit prerequisite `makefile.ym'.
    Looking for a rule with intermediate file `makefile.ym'.
     Avoiding implicit rule recursion.
     Avoiding implicit rule recursion.
     Avoiding implicit rule recursion.
     Trying pattern rule with stem `makefile.ym'.
     Trying implicit prerequisite `makefile.ym,v'.
     Trying pattern rule with stem `makefile.ym'.
     Trying implicit prerequisite `RCS/makefile.ym,v'.
     Trying pattern rule with stem `makefile.ym'.
     Trying implicit prerequisite `RCS/makefile.ym'.
     Trying pattern rule with stem `makefile.ym'.
     Trying implicit prerequisite `s.makefile.ym'.
     Trying pattern rule with stem `makefile.ym'.
     Trying implicit prerequisite `SCCS/s.makefile.ym'.
    Trying pattern rule with stem `makefile'.
    Trying implicit prerequisite `makefile.lm'.
    Looking for a rule with intermediate file `makefile.lm'.
     Avoiding implicit rule recursion.
     Avoiding implicit rule recursion.
     Avoiding implicit rule recursion.
     Trying pattern rule with stem `makefile.lm'.
     Trying implicit prerequisite `makefile.lm,v'.
     Trying pattern rule with stem `makefile.lm'.
     Trying implicit prerequisite `RCS/makefile.lm,v'.
     Trying pattern rule with stem `makefile.lm'.
     Trying implicit prerequisite `RCS/makefile.lm'.
     Trying pattern rule with stem `makefile.lm'.
     Trying implicit prerequisite `s.makefile.lm'.
     Trying pattern rule with stem `makefile.lm'.
     Trying implicit prerequisite `SCCS/s.makefile.lm'.
   Trying pattern rule with stem `makefile'.
   Rejecting impossible implicit prerequisite `makefile.r'.
   Trying pattern rule with stem `makefile'.
   Trying implicit prerequisite `makefile.s'.
   Looking for a rule with intermediate file `makefile.s'.
    Avoiding implicit rule recursion.
    Avoiding implicit rule recursion.
    Trying pattern rule with stem `makefile'.
    Trying implicit prerequisite `makefile.S'.
    Trying pattern rule with stem `makefile.s'.
    Trying implicit prerequisite `makefile.s,v'.
    Trying pattern rule with stem `makefile.s'.
    Trying implicit prerequisite `RCS/makefile.s,v'.
    Trying pattern rule with stem `makefile.s'.
    Trying implicit prerequisite `RCS/makefile.s'.
    Trying pattern rule with stem `makefile.s'.
    Trying implicit prerequisite `s.makefile.s'.
    Trying pattern rule with stem `makefile.s'.
    Trying implicit prerequisite `SCCS/s.makefile.s'.
    Trying pattern rule with stem `makefile'.
    Trying implicit prerequisite `makefile.S'.
    Looking for a rule with intermediate file `makefile.S'.
     Avoiding implicit rule recursion.
     Avoiding implicit rule recursion.
     Avoiding implicit rule recursion.
     Trying pattern rule with stem `makefile.S'.
     Trying implicit prerequisite `makefile.S,v'.
     Trying pattern rule with stem `makefile.S'.
     Trying implicit prerequisite `RCS/makefile.S,v'.
     Trying pattern rule with stem `makefile.S'.
     Trying implicit prerequisite `RCS/makefile.S'.
     Trying pattern rule with stem `makefile.S'.
     Trying implicit prerequisite `s.makefile.S'.
     Trying pattern rule with stem `makefile.S'.
     Trying implicit prerequisite `SCCS/s.makefile.S'.
   Trying pattern rule with stem `makefile'.
   Rejecting impossible implicit prerequisite `makefile.S'.
   Trying pattern rule with stem `makefile'.
   Trying implicit prerequisite `makefile.mod'.
   Looking for a rule with intermediate file `makefile.mod'.
    Avoiding implicit rule recursion.
    Avoiding implicit rule recursion.
    Trying pattern rule with stem `makefile.mod'.
    Trying implicit prerequisite `makefile.mod,v'.
    Trying pattern rule with stem `makefile.mod'.
    Trying implicit prerequisite `RCS/makefile.mod,v'.
    Trying pattern rule with stem `makefile.mod'.
    Trying implicit prerequisite `RCS/makefile.mod'.
    Trying pattern rule with stem `makefile.mod'.
    Trying implicit prerequisite `s.makefile.mod'.
    Trying pattern rule with stem `makefile.mod'.
    Trying implicit prerequisite `SCCS/s.makefile.mod'.
  Trying pattern rule with stem `makefile'.
  Rejecting impossible implicit prerequisite `makefile.c'.
  Trying pattern rule with stem `makefile'.
  Rejecting impossible implicit prerequisite `makefile.cc'.
  Trying pattern rule with stem `makefile'.
  Rejecting impossible implicit prerequisite `makefile.C'.
  Trying pattern rule with stem `makefile'.
  Rejecting impossible implicit prerequisite `makefile.cpp'.
  Trying pattern rule with stem `makefile'.
  Rejecting impossible implicit prerequisite `makefile.p'.
  Trying pattern rule with stem `makefile'.
  Rejecting impossible implicit prerequisite `makefile.f'.
  Trying pattern rule with stem `makefile'.
  Rejecting impossible implicit prerequisite `makefile.F'.
  Trying pattern rule with stem `makefile'.
  Rejecting impossible implicit prerequisite `makefile.m'.
  Trying pattern rule with stem `makefile'.
  Rejecting impossible implicit prerequisite `makefile.r'.
  Trying pattern rule with stem `makefile'.
  Rejecting impossible implicit prerequisite `makefile.s'.
  Trying pattern rule with stem `makefile'.
  Rejecting impossible implicit prerequisite `makefile.S'.
  Trying pattern rule with stem `makefile'.
  Rejecting impossible implicit prerequisite `makefile.mod'.
  Trying pattern rule with stem `makefile'.
  Trying implicit prerequisite `makefile.sh'.
  Looking for a rule with intermediate file `makefile.sh'.
   Avoiding implicit rule recursion.
   Trying pattern rule with stem `makefile.sh'.
   Trying implicit prerequisite `makefile.sh,v'.
   Trying pattern rule with stem `makefile.sh'.
   Trying implicit prerequisite `RCS/makefile.sh,v'.
   Trying pattern rule with stem `makefile.sh'.
   Trying implicit prerequisite `RCS/makefile.sh'.
   Trying pattern rule with stem `makefile.sh'.
   Trying implicit prerequisite `s.makefile.sh'.
   Trying pattern rule with stem `makefile.sh'.
   Trying implicit prerequisite `SCCS/s.makefile.sh'.
  No implicit rule found for `makefile'.
  Finished prerequisites of target file `makefile'.
 Must remake target `makefile'.
 Failed to remake target file `makefile'.
 Considering target file `Makefile'.
  File `Makefile' does not exist.
  Looking for an implicit rule for `Makefile'.
  Trying pattern rule with stem `Makefile'.
  Trying implicit prerequisite `Makefile.o'.
  Trying pattern rule with stem `Makefile'.
  Trying implicit prerequisite `Makefile.c'.
  Trying pattern rule with stem `Makefile'.
  Trying implicit prerequisite `Makefile.cc'.
  Trying pattern rule with stem `Makefile'.
  Trying implicit prerequisite `Makefile.C'.
  Trying pattern rule with stem `Makefile'.
  Trying implicit prerequisite `Makefile.cpp'.
  Trying pattern rule with stem `Makefile'.
  Trying implicit prerequisite `Makefile.p'.
  Trying pattern rule with stem `Makefile'.
  Trying implicit prerequisite `Makefile.f'.
  Trying pattern rule with stem `Makefile'.
  Trying implicit prerequisite `Makefile.F'.
  Trying pattern rule with stem `Makefile'.
  Trying implicit prerequisite `Makefile.m'.
  Trying pattern rule with stem `Makefile'.
  Trying implicit prerequisite `Makefile.r'.
  Trying pattern rule with stem `Makefile'.
  Trying implicit prerequisite `Makefile.s'.
  Trying pattern rule with stem `Makefile'.
  Trying implicit prerequisite `Makefile.S'.
  Trying pattern rule with stem `Makefile'.
  Trying implicit prerequisite `Makefile.mod'.
  Trying pattern rule with stem `Makefile'.
  Trying implicit prerequisite `Makefile.sh'.
  Trying pattern rule with stem `Makefile'.
  Trying implicit prerequisite `Makefile,v'.
  Trying pattern rule with stem `Makefile'.
  Trying implicit prerequisite `RCS/Makefile,v'.
  Trying pattern rule with stem `Makefile'.
  Trying implicit prerequisite `RCS/Makefile'.
  Trying pattern rule with stem `Makefile'.
  Trying implicit prerequisite `s.Makefile'.
  Trying pattern rule with stem `Makefile'.
  Trying implicit prerequisite `SCCS/s.Makefile'.
  Trying pattern rule with stem `Makefile'.
  Trying implicit prerequisite `Makefile.o'.
  Looking for a rule with intermediate file `Makefile.o'.
   Avoiding implicit rule recursion.
   Trying pattern rule with stem `Makefile'.
   Trying implicit prerequisite `Makefile.c'.
   Trying pattern rule with stem `Makefile'.
   Trying implicit prerequisite `Makefile.cc'.
   Trying pattern rule with stem `Makefile'.
   Trying implicit prerequisite `Makefile.C'.
   Trying pattern rule with stem `Makefile'.
   Trying implicit prerequisite `Makefile.cpp'.
   Trying pattern rule with stem `Makefile'.
   Trying implicit prerequisite `Makefile.p'.
   Trying pattern rule with stem `Makefile'.
   Trying implicit prerequisite `Makefile.f'.
   Trying pattern rule with stem `Makefile'.
   Trying implicit prerequisite `Makefile.F'.
   Trying pattern rule with stem `Makefile'.
   Trying implicit prerequisite `Makefile.m'.
   Trying pattern rule with stem `Makefile'.
   Trying implicit prerequisite `Makefile.r'.
   Trying pattern rule with stem `Makefile'.
   Trying implicit prerequisite `Makefile.s'.
   Trying pattern rule with stem `Makefile'.
   Trying implicit prerequisite `Makefile.S'.
   Trying pattern rule with stem `Makefile'.
   Trying implicit prerequisite `Makefile.mod'.
   Trying pattern rule with stem `Makefile.o'.
   Trying implicit prerequisite `Makefile.o,v'.
   Trying pattern rule with stem `Makefile.o'.
   Trying implicit prerequisite `RCS/Makefile.o,v'.
   Trying pattern rule with stem `Makefile.o'.
   Trying implicit prerequisite `RCS/Makefile.o'.
   Trying pattern rule with stem `Makefile.o'.
   Trying implicit prerequisite `s.Makefile.o'.
   Trying pattern rule with stem `Makefile.o'.
   Trying implicit prerequisite `SCCS/s.Makefile.o'.
   Trying pattern rule with stem `Makefile'.
   Trying implicit prerequisite `Makefile.c'.
   Looking for a rule with intermediate file `Makefile.c'.
    Avoiding implicit rule recursion.
    Avoiding implicit rule recursion.
    Trying pattern rule with stem `Makefile'.
    Trying implicit prerequisite `Makefile.y'.
    Trying pattern rule with stem `Makefile'.
    Trying implicit prerequisite `Makefile.l'.
    Trying pattern rule with stem `Makefile'.
    Trying implicit prerequisite `Makefile.w'.
    Trying pattern rule with stem `Makefile'.
    Trying implicit prerequisite `Makefile.w'.
    Trying pattern rule with stem `Makefile.c'.
    Trying implicit prerequisite `Makefile.c,v'.
    Trying pattern rule with stem `Makefile.c'.
    Trying implicit prerequisite `RCS/Makefile.c,v'.
    Trying pattern rule with stem `Makefile.c'.
    Trying implicit prerequisite `RCS/Makefile.c'.
    Trying pattern rule with stem `Makefile.c'.
    Trying implicit prerequisite `s.Makefile.c'.
    Trying pattern rule with stem `Makefile.c'.
    Trying implicit prerequisite `SCCS/s.Makefile.c'.
    Trying pattern rule with stem `Makefile'.
    Trying implicit prerequisite `Makefile.y'.
    Looking for a rule with intermediate file `Makefile.y'.
     Avoiding implicit rule recursion.
     Avoiding implicit rule recursion.
     Avoiding implicit rule recursion.
     Trying pattern rule with stem `Makefile.y'.
     Trying implicit prerequisite `Makefile.y,v'.
     Trying pattern rule with stem `Makefile.y'.
     Trying implicit prerequisite `RCS/Makefile.y,v'.
     Trying pattern rule with stem `Makefile.y'.
     Trying implicit prerequisite `RCS/Makefile.y'.
     Trying pattern rule with stem `Makefile.y'.
     Trying implicit prerequisite `s.Makefile.y'.
     Trying pattern rule with stem `Makefile.y'.
     Trying implicit prerequisite `SCCS/s.Makefile.y'.
    Trying pattern rule with stem `Makefile'.
    Trying implicit prerequisite `Makefile.l'.
    Looking for a rule with intermediate file `Makefile.l'.
     Avoiding implicit rule recursion.
     Avoiding implicit rule recursion.
     Avoiding implicit rule recursion.
     Trying pattern rule with stem `Makefile.l'.
     Trying implicit prerequisite `Makefile.l,v'.
     Trying pattern rule with stem `Makefile.l'.
     Trying implicit prerequisite `RCS/Makefile.l,v'.
     Trying pattern rule with stem `Makefile.l'.
     Trying implicit prerequisite `RCS/Makefile.l'.
     Trying pattern rule with stem `Makefile.l'.
     Trying implicit prerequisite `s.Makefile.l'.
     Trying pattern rule with stem `Makefile.l'.
     Trying implicit prerequisite `SCCS/s.Makefile.l'.
    Trying pattern rule with stem `Makefile'.
    Trying implicit prerequisite `Makefile.w'.
    Looking for a rule with intermediate file `Makefile.w'.
     Avoiding implicit rule recursion.
     Avoiding implicit rule recursion.
     Avoiding implicit rule recursion.
     Trying pattern rule with stem `Makefile.w'.
     Trying implicit prerequisite `Makefile.w,v'.
     Trying pattern rule with stem `Makefile.w'.
     Trying implicit prerequisite `RCS/Makefile.w,v'.
     Trying pattern rule with stem `Makefile.w'.
     Trying implicit prerequisite `RCS/Makefile.w'.
     Trying pattern rule with stem `Makefile.w'.
     Trying implicit prerequisite `s.Makefile.w'.
     Trying pattern rule with stem `Makefile.w'.
     Trying implicit prerequisite `SCCS/s.Makefile.w'.
    Trying pattern rule with stem `Makefile'.
    Rejecting impossible implicit prerequisite `Makefile.w'.
   Trying pattern rule with stem `Makefile'.
   Trying implicit prerequisite `Makefile.cc'.
   Looking for a rule with intermediate file `Makefile.cc'.
    Avoiding implicit rule recursion.
    Avoiding implicit rule recursion.
    Trying pattern rule with stem `Makefile.cc'.
    Trying implicit prerequisite `Makefile.cc,v'.
    Trying pattern rule with stem `Makefile.cc'.
    Trying implicit prerequisite `RCS/Makefile.cc,v'.
    Trying pattern rule with stem `Makefile.cc'.
    Trying implicit prerequisite `RCS/Makefile.cc'.
    Trying pattern rule with stem `Makefile.cc'.
    Trying implicit prerequisite `s.Makefile.cc'.
    Trying pattern rule with stem `Makefile.cc'.
    Trying implicit prerequisite `SCCS/s.Makefile.cc'.
   Trying pattern rule with stem `Makefile'.
   Trying implicit prerequisite `Makefile.C'.
   Looking for a rule with intermediate file `Makefile.C'.
    Avoiding implicit rule recursion.
    Avoiding implicit rule recursion.
    Trying pattern rule with stem `Makefile.C'.
    Trying implicit prerequisite `Makefile.C,v'.
    Trying pattern rule with stem `Makefile.C'.
    Trying implicit prerequisite `RCS/Makefile.C,v'.
    Trying pattern rule with stem `Makefile.C'.
    Trying implicit prerequisite `RCS/Makefile.C'.
    Trying pattern rule with stem `Makefile.C'.
    Trying implicit prerequisite `s.Makefile.C'.
    Trying pattern rule with stem `Makefile.C'.
    Trying implicit prerequisite `SCCS/s.Makefile.C'.
   Trying pattern rule with stem `Makefile'.
   Trying implicit prerequisite `Makefile.cpp'.
   Looking for a rule with intermediate file `Makefile.cpp'.
    Avoiding implicit rule recursion.
    Avoiding implicit rule recursion.
    Trying pattern rule with stem `Makefile.cpp'.
    Trying implicit prerequisite `Makefile.cpp,v'.
    Trying pattern rule with stem `Makefile.cpp'.
    Trying implicit prerequisite `RCS/Makefile.cpp,v'.
    Trying pattern rule with stem `Makefile.cpp'.
    Trying implicit prerequisite `RCS/Makefile.cpp'.
    Trying pattern rule with stem `Makefile.cpp'.
    Trying implicit prerequisite `s.Makefile.cpp'.
    Trying pattern rule with stem `Makefile.cpp'.
    Trying implicit prerequisite `SCCS/s.Makefile.cpp'.
   Trying pattern rule with stem `Makefile'.
   Trying implicit prerequisite `Makefile.p'.
   Looking for a rule with intermediate file `Makefile.p'.
    Avoiding implicit rule recursion.
    Avoiding implicit rule recursion.
    Trying pattern rule with stem `Makefile'.
    Trying implicit prerequisite `Makefile.web'.
    Trying pattern rule with stem `Makefile.p'.
    Trying implicit prerequisite `Makefile.p,v'.
    Trying pattern rule with stem `Makefile.p'.
    Trying implicit prerequisite `RCS/Makefile.p,v'.
    Trying pattern rule with stem `Makefile.p'.
    Trying implicit prerequisite `RCS/Makefile.p'.
    Trying pattern rule with stem `Makefile.p'.
    Trying implicit prerequisite `s.Makefile.p'.
    Trying pattern rule with stem `Makefile.p'.
    Trying implicit prerequisite `SCCS/s.Makefile.p'.
    Trying pattern rule with stem `Makefile'.
    Trying implicit prerequisite `Makefile.web'.
    Looking for a rule with intermediate file `Makefile.web'.
     Avoiding implicit rule recursion.
     Avoiding implicit rule recursion.
     Avoiding implicit rule recursion.
     Trying pattern rule with stem `Makefile.web'.
     Trying implicit prerequisite `Makefile.web,v'.
     Trying pattern rule with stem `Makefile.web'.
     Trying implicit prerequisite `RCS/Makefile.web,v'.
     Trying pattern rule with stem `Makefile.web'.
     Trying implicit prerequisite `RCS/Makefile.web'.
     Trying pattern rule with stem `Makefile.web'.
     Trying implicit prerequisite `s.Makefile.web'.
     Trying pattern rule with stem `Makefile.web'.
     Trying implicit prerequisite `SCCS/s.Makefile.web'.
   Trying pattern rule with stem `Makefile'.
   Trying implicit prerequisite `Makefile.f'.
   Looking for a rule with intermediate file `Makefile.f'.
    Avoiding implicit rule recursion.
    Avoiding implicit rule recursion.
    Trying pattern rule with stem `Makefile'.
    Trying implicit prerequisite `Makefile.F'.
    Trying pattern rule with stem `Makefile'.
    Trying implicit prerequisite `Makefile.r'.
    Trying pattern rule with stem `Makefile.f'.
    Trying implicit prerequisite `Makefile.f,v'.
    Trying pattern rule with stem `Makefile.f'.
    Trying implicit prerequisite `RCS/Makefile.f,v'.
    Trying pattern rule with stem `Makefile.f'.
    Trying implicit prerequisite `RCS/Makefile.f'.
    Trying pattern rule with stem `Makefile.f'.
    Trying implicit prerequisite `s.Makefile.f'.
    Trying pattern rule with stem `Makefile.f'.
    Trying implicit prerequisite `SCCS/s.Makefile.f'.
    Trying pattern rule with stem `Makefile'.
    Trying implicit prerequisite `Makefile.F'.
    Looking for a rule with intermediate file `Makefile.F'.
     Avoiding implicit rule recursion.
     Avoiding implicit rule recursion.
     Avoiding implicit rule recursion.
     Trying pattern rule with stem `Makefile.F'.
     Trying implicit prerequisite `Makefile.F,v'.
     Trying pattern rule with stem `Makefile.F'.
     Trying implicit prerequisite `RCS/Makefile.F,v'.
     Trying pattern rule with stem `Makefile.F'.
     Trying implicit prerequisite `RCS/Makefile.F'.
     Trying pattern rule with stem `Makefile.F'.
     Trying implicit prerequisite `s.Makefile.F'.
     Trying pattern rule with stem `Makefile.F'.
     Trying implicit prerequisite `SCCS/s.Makefile.F'.
    Trying pattern rule with stem `Makefile'.
    Trying implicit prerequisite `Makefile.r'.
    Looking for a rule with intermediate file `Makefile.r'.
     Avoiding implicit rule recursion.
     Avoiding implicit rule recursion.
     Avoiding implicit rule recursion.
     Trying pattern rule with stem `Makefile'.
     Rejecting impossible implicit prerequisite `Makefile.l'.
     Trying pattern rule with stem `Makefile.r'.
     Trying implicit prerequisite `Makefile.r,v'.
     Trying pattern rule with stem `Makefile.r'.
     Trying implicit prerequisite `RCS/Makefile.r,v'.
     Trying pattern rule with stem `Makefile.r'.
     Trying implicit prerequisite `RCS/Makefile.r'.
     Trying pattern rule with stem `Makefile.r'.
     Trying implicit prerequisite `s.Makefile.r'.
     Trying pattern rule with stem `Makefile.r'.
     Trying implicit prerequisite `SCCS/s.Makefile.r'.
   Trying pattern rule with stem `Makefile'.
   Rejecting impossible implicit prerequisite `Makefile.F'.
   Trying pattern rule with stem `Makefile'.
   Trying implicit prerequisite `Makefile.m'.
   Looking for a rule with intermediate file `Makefile.m'.
    Avoiding implicit rule recursion.
    Avoiding implicit rule recursion.
    Trying pattern rule with stem `Makefile'.
    Trying implicit prerequisite `Makefile.ym'.
    Trying pattern rule with stem `Makefile'.
    Trying implicit prerequisite `Makefile.lm'.
    Trying pattern rule with stem `Makefile.m'.
    Trying implicit prerequisite `Makefile.m,v'.
    Trying pattern rule with stem `Makefile.m'.
    Trying implicit prerequisite `RCS/Makefile.m,v'.
    Trying pattern rule with stem `Makefile.m'.
    Trying implicit prerequisite `RCS/Makefile.m'.
    Trying pattern rule with stem `Makefile.m'.
    Trying implicit prerequisite `s.Makefile.m'.
    Trying pattern rule with stem `Makefile.m'.
    Trying implicit prerequisite `SCCS/s.Makefile.m'.
    Trying pattern rule with stem `Makefile'.
    Trying implicit prerequisite `Makefile.ym'.
    Looking for a rule with intermediate file `Makefile.ym'.
     Avoiding implicit rule recursion.
     Avoiding implicit rule recursion.
     Avoiding implicit rule recursion.
     Trying pattern rule with stem `Makefile.ym'.
     Trying implicit prerequisite `Makefile.ym,v'.
     Trying pattern rule with stem `Makefile.ym'.
     Trying implicit prerequisite `RCS/Makefile.ym,v'.
     Trying pattern rule with stem `Makefile.ym'.
     Trying implicit prerequisite `RCS/Makefile.ym'.
     Trying pattern rule with stem `Makefile.ym'.
     Trying implicit prerequisite `s.Makefile.ym'.
     Trying pattern rule with stem `Makefile.ym'.
     Trying implicit prerequisite `SCCS/s.Makefile.ym'.
    Trying pattern rule with stem `Makefile'.
    Trying implicit prerequisite `Makefile.lm'.
    Looking for a rule with intermediate file `Makefile.lm'.
     Avoiding implicit rule recursion.
     Avoiding implicit rule recursion.
     Avoiding implicit rule recursion.
     Trying pattern rule with stem `Makefile.lm'.
     Trying implicit prerequisite `Makefile.lm,v'.
     Trying pattern rule with stem `Makefile.lm'.
     Trying implicit prerequisite `RCS/Makefile.lm,v'.
     Trying pattern rule with stem `Makefile.lm'.
     Trying implicit prerequisite `RCS/Makefile.lm'.
     Trying pattern rule with stem `Makefile.lm'.
     Trying implicit prerequisite `s.Makefile.lm'.
     Trying pattern rule with stem `Makefile.lm'.
     Trying implicit prerequisite `SCCS/s.Makefile.lm'.
   Trying pattern rule with stem `Makefile'.
   Rejecting impossible implicit prerequisite `Makefile.r'.
   Trying pattern rule with stem `Makefile'.
   Trying implicit prerequisite `Makefile.s'.
   Looking for a rule with intermediate file `Makefile.s'.
    Avoiding implicit rule recursion.
    Avoiding implicit rule recursion.
    Trying pattern rule with stem `Makefile'.
    Trying implicit prerequisite `Makefile.S'.
    Trying pattern rule with stem `Makefile.s'.
    Trying implicit prerequisite `Makefile.s,v'.
    Trying pattern rule with stem `Makefile.s'.
    Trying implicit prerequisite `RCS/Makefile.s,v'.
    Trying pattern rule with stem `Makefile.s'.
    Trying implicit prerequisite `RCS/Makefile.s'.
    Trying pattern rule with stem `Makefile.s'.
    Trying implicit prerequisite `s.Makefile.s'.
    Trying pattern rule with stem `Makefile.s'.
    Trying implicit prerequisite `SCCS/s.Makefile.s'.
    Trying pattern rule with stem `Makefile'.
    Trying implicit prerequisite `Makefile.S'.
    Looking for a rule with intermediate file `Makefile.S'.
     Avoiding implicit rule recursion.
     Avoiding implicit rule recursion.
     Avoiding implicit rule recursion.
     Trying pattern rule with stem `Makefile.S'.
     Trying implicit prerequisite `Makefile.S,v'.
     Trying pattern rule with stem `Makefile.S'.
     Trying implicit prerequisite `RCS/Makefile.S,v'.
     Trying pattern rule with stem `Makefile.S'.
     Trying implicit prerequisite `RCS/Makefile.S'.
     Trying pattern rule with stem `Makefile.S'.
     Trying implicit prerequisite `s.Makefile.S'.
     Trying pattern rule with stem `Makefile.S'.
     Trying implicit prerequisite `SCCS/s.Makefile.S'.
   Trying pattern rule with stem `Makefile'.
   Rejecting impossible implicit prerequisite `Makefile.S'.
   Trying pattern rule with stem `Makefile'.
   Trying implicit prerequisite `Makefile.mod'.
   Looking for a rule with intermediate file `Makefile.mod'.
    Avoiding implicit rule recursion.
    Avoiding implicit rule recursion.
    Trying pattern rule with stem `Makefile.mod'.
    Trying implicit prerequisite `Makefile.mod,v'.
    Trying pattern rule with stem `Makefile.mod'.
    Trying implicit prerequisite `RCS/Makefile.mod,v'.
    Trying pattern rule with stem `Makefile.mod'.
    Trying implicit prerequisite `RCS/Makefile.mod'.
    Trying pattern rule with stem `Makefile.mod'.
    Trying implicit prerequisite `s.Makefile.mod'.
    Trying pattern rule with stem `Makefile.mod'.
    Trying implicit prerequisite `SCCS/s.Makefile.mod'.
  Trying pattern rule with stem `Makefile'.
  Rejecting impossible implicit prerequisite `Makefile.c'.
  Trying pattern rule with stem `Makefile'.
  Rejecting impossible implicit prerequisite `Makefile.cc'.
  Trying pattern rule with stem `Makefile'.
  Rejecting impossible implicit prerequisite `Makefile.C'.
  Trying pattern rule with stem `Makefile'.
  Rejecting impossible implicit prerequisite `Makefile.cpp'.
  Trying pattern rule with stem `Makefile'.
  Rejecting impossible implicit prerequisite `Makefile.p'.
  Trying pattern rule with stem `Makefile'.
  Rejecting impossible implicit prerequisite `Makefile.f'.
  Trying pattern rule with stem `Makefile'.
  Rejecting impossible implicit prerequisite `Makefile.F'.
  Trying pattern rule with stem `Makefile'.
  Rejecting impossible implicit prerequisite `Makefile.m'.
  Trying pattern rule with stem `Makefile'.
  Rejecting impossible implicit prerequisite `Makefile.r'.
  Trying pattern rule with stem `Makefile'.
  Rejecting impossible implicit prerequisite `Makefile.s'.
  Trying pattern rule with stem `Makefile'.
  Rejecting impossible implicit prerequisite `Makefile.S'.
  Trying pattern rule with stem `Makefile'.
  Rejecting impossible implicit prerequisite `Makefile.mod'.
  Trying pattern rule with stem `Makefile'.
  Trying implicit prerequisite `Makefile.sh'.
  Looking for a rule with intermediate file `Makefile.sh'.
   Avoiding implicit rule recursion.
   Trying pattern rule with stem `Makefile.sh'.
   Trying implicit prerequisite `Makefile.sh,v'.
   Trying pattern rule with stem `Makefile.sh'.
   Trying implicit prerequisite `RCS/Makefile.sh,v'.
   Trying pattern rule with stem `Makefile.sh'.
   Trying implicit prerequisite `RCS/Makefile.sh'.
   Trying pattern rule with stem `Makefile.sh'.
   Trying implicit prerequisite `s.Makefile.sh'.
   Trying pattern rule with stem `Makefile.sh'.
   Trying implicit prerequisite `SCCS/s.Makefile.sh'.
  No implicit rule found for `Makefile'.
  Finished prerequisites of target file `Makefile'.
 Must remake target `Makefile'.
 Failed to remake target file `Makefile'.
Updating goal targets....
Considering target file `all'.
 File `all' does not exist.
 Looking for an implicit rule for `all'.
 Trying pattern rule with stem `all'.
 Trying implicit prerequisite `all.o'.
 Trying pattern rule with stem `all'.
 Trying implicit prerequisite `all.c'.
 Trying pattern rule with stem `all'.
 Trying implicit prerequisite `all.cc'.
 Trying pattern rule with stem `all'.
 Trying implicit prerequisite `all.C'.
 Trying pattern rule with stem `all'.
 Trying implicit prerequisite `all.cpp'.
 Trying pattern rule with stem `all'.
 Trying implicit prerequisite `all.p'.
 Trying pattern rule with stem `all'.
 Trying implicit prerequisite `all.f'.
 Trying pattern rule with stem `all'.
 Trying implicit prerequisite `all.F'.
 Trying pattern rule with stem `all'.
 Trying implicit prerequisite `all.m'.
 Trying pattern rule with stem `all'.
 Trying implicit prerequisite `all.r'.
 Trying pattern rule with stem `all'.
 Trying implicit prerequisite `all.s'.
 Trying pattern rule with stem `all'.
 Trying implicit prerequisite `all.S'.
 Trying pattern rule with stem `all'.
 Trying implicit prerequisite `all.mod'.
 Trying pattern rule with stem `all'.
 Trying implicit prerequisite `all.sh'.
 Trying pattern rule with stem `all'.
 Trying implicit prerequisite `all,v'.
 Trying pattern rule with stem `all'.
 Trying implicit prerequisite `RCS/all,v'.
 Trying pattern rule with stem `all'.
 Trying implicit prerequisite `RCS/all'.
 Trying pattern rule with stem `all'.
 Trying implicit prerequisite `s.all'.
 Trying pattern rule with stem `all'.
 Trying implicit prerequisite `SCCS/s.all'.
 Trying pattern rule with stem `all'.
 Trying implicit prerequisite `all.o'.
 Looking for a rule with intermediate file `all.o'.
  Avoiding implicit rule recursion.
  Trying pattern rule with stem `all'.
  Trying implicit prerequisite `all.c'.
  Trying pattern rule with stem `all'.
  Trying implicit prerequisite `all.cc'.
  Trying pattern rule with stem `all'.
  Trying implicit prerequisite `all.C'.
  Trying pattern rule with stem `all'.
  Trying implicit prerequisite `all.cpp'.
  Trying pattern rule with stem `all'.
  Trying implicit prerequisite `all.p'.
  Trying pattern rule with stem `all'.
  Trying implicit prerequisite `all.f'.
  Trying pattern rule with stem `all'.
  Trying implicit prerequisite `all.F'.
  Trying pattern rule with stem `all'.
  Trying implicit prerequisite `all.m'.
  Trying pattern rule with stem `all'.
  Trying implicit prerequisite `all.r'.
  Trying pattern rule with stem `all'.
  Trying implicit prerequisite `all.s'.
  Trying pattern rule with stem `all'.
  Trying implicit prerequisite `all.S'.
  Trying pattern rule with stem `all'.
  Trying implicit prerequisite `all.mod'.
  Trying pattern rule with stem `all.o'.
  Trying implicit prerequisite `all.o,v'.
  Trying pattern rule with stem `all.o'.
  Trying implicit prerequisite `RCS/all.o,v'.
  Trying pattern rule with stem `all.o'.
  Trying implicit prerequisite `RCS/all.o'.
  Trying pattern rule with stem `all.o'.
  Trying implicit prerequisite `s.all.o'.
  Trying pattern rule with stem `all.o'.
  Trying implicit prerequisite `SCCS/s.all.o'.
  Trying pattern rule with stem `all'.
  Trying implicit prerequisite `all.c'.
  Looking for a rule with intermediate file `all.c'.
   Avoiding implicit rule recursion.
   Avoiding implicit rule recursion.
   Trying pattern rule with stem `all'.
   Trying implicit prerequisite `all.y'.
   Trying pattern rule with stem `all'.
   Trying implicit prerequisite `all.l'.
   Trying pattern rule with stem `all'.
   Trying implicit prerequisite `all.w'.
   Trying pattern rule with stem `all'.
   Trying implicit prerequisite `all.w'.
   Trying pattern rule with stem `all.c'.
   Trying implicit prerequisite `all.c,v'.
   Trying pattern rule with stem `all.c'.
   Trying implicit prerequisite `RCS/all.c,v'.
   Trying pattern rule with stem `all.c'.
   Trying implicit prerequisite `RCS/all.c'.
   Trying pattern rule with stem `all.c'.
   Trying implicit prerequisite `s.all.c'.
   Trying pattern rule with stem `all.c'.
   Trying implicit prerequisite `SCCS/s.all.c'.
   Trying pattern rule with stem `all'.
   Trying implicit prerequisite `all.y'.
   Looking for a rule with intermediate file `all.y'.
    Avoiding implicit rule recursion.
    Avoiding implicit rule recursion.
    Avoiding implicit rule recursion.
    Trying pattern rule with stem `all.y'.
    Trying implicit prerequisite `all.y,v'.
    Trying pattern rule with stem `all.y'.
    Trying implicit prerequisite `RCS/all.y,v'.
    Trying pattern rule with stem `all.y'.
    Trying implicit prerequisite `RCS/all.y'.
    Trying pattern rule with stem `all.y'.
    Trying implicit prerequisite `s.all.y'.
    Trying pattern rule with stem `all.y'.
    Trying implicit prerequisite `SCCS/s.all.y'.
   Trying pattern rule with stem `all'.
   Trying implicit prerequisite `all.l'.
   Looking for a rule with intermediate file `all.l'.
    Avoiding implicit rule recursion.
    Avoiding implicit rule recursion.
    Avoiding implicit rule recursion.
    Trying pattern rule with stem `all.l'.
    Trying implicit prerequisite `all.l,v'.
    Trying pattern rule with stem `all.l'.
    Trying implicit prerequisite `RCS/all.l,v'.
    Trying pattern rule with stem `all.l'.
    Trying implicit prerequisite `RCS/all.l'.
    Trying pattern rule with stem `all.l'.
    Trying implicit prerequisite `s.all.l'.
    Trying pattern rule with stem `all.l'.
    Trying implicit prerequisite `SCCS/s.all.l'.
   Trying pattern rule with stem `all'.
   Trying implicit prerequisite `all.w'.
   Looking for a rule with intermediate file `all.w'.
    Avoiding implicit rule recursion.
    Avoiding implicit rule recursion.
    Avoiding implicit rule recursion.
    Trying pattern rule with stem `all.w'.
    Trying implicit prerequisite `all.w,v'.
    Trying pattern rule with stem `all.w'.
    Trying implicit prerequisite `RCS/all.w,v'.
    Trying pattern rule with stem `all.w'.
    Trying implicit prerequisite `RCS/all.w'.
    Trying pattern rule with stem `all.w'.
    Trying implicit prerequisite `s.all.w'.
    Trying pattern rule with stem `all.w'.
    Trying implicit prerequisite `SCCS/s.all.w'.
   Trying pattern rule with stem `all'.
   Rejecting impossible implicit prerequisite `all.w'.
  Trying pattern rule with stem `all'.
  Trying implicit prerequisite `all.cc'.
  Looking for a rule with intermediate file `all.cc'.
   Avoiding implicit rule recursion.
   Avoiding implicit rule recursion.
   Trying pattern rule with stem `all.cc'.
   Trying implicit prerequisite `all.cc,v'.
   Trying pattern rule with stem `all.cc'.
   Trying implicit prerequisite `RCS/all.cc,v'.
   Trying pattern rule with stem `all.cc'.
   Trying implicit prerequisite `RCS/all.cc'.
   Trying pattern rule with stem `all.cc'.
   Trying implicit prerequisite `s.all.cc'.
   Trying pattern rule with stem `all.cc'.
   Trying implicit prerequisite `SCCS/s.all.cc'.
  Trying pattern rule with stem `all'.
  Trying implicit prerequisite `all.C'.
  Looking for a rule with intermediate file `all.C'.
   Avoiding implicit rule recursion.
   Avoiding implicit rule recursion.
   Trying pattern rule with stem `all.C'.
   Trying implicit prerequisite `all.C,v'.
   Trying pattern rule with stem `all.C'.
   Trying implicit prerequisite `RCS/all.C,v'.
   Trying pattern rule with stem `all.C'.
   Trying implicit prerequisite `RCS/all.C'.
   Trying pattern rule with stem `all.C'.
   Trying implicit prerequisite `s.all.C'.
   Trying pattern rule with stem `all.C'.
   Trying implicit prerequisite `SCCS/s.all.C'.
  Trying pattern rule with stem `all'.
  Trying implicit prerequisite `all.cpp'.
  Looking for a rule with intermediate file `all.cpp'.
   Avoiding implicit rule recursion.
   Avoiding implicit rule recursion.
   Trying pattern rule with stem `all.cpp'.
   Trying implicit prerequisite `all.cpp,v'.
   Trying pattern rule with stem `all.cpp'.
   Trying implicit prerequisite `RCS/all.cpp,v'.
   Trying pattern rule with stem `all.cpp'.
   Trying implicit prerequisite `RCS/all.cpp'.
   Trying pattern rule with stem `all.cpp'.
   Trying implicit prerequisite `s.all.cpp'.
   Trying pattern rule with stem `all.cpp'.
   Trying implicit prerequisite `SCCS/s.all.cpp'.
  Trying pattern rule with stem `all'.
  Trying implicit prerequisite `all.p'.
  Looking for a rule with intermediate file `all.p'.
   Avoiding implicit rule recursion.
   Avoiding implicit rule recursion.
   Trying pattern rule with stem `all'.
   Trying implicit prerequisite `all.web'.
   Trying pattern rule with stem `all.p'.
   Trying implicit prerequisite `all.p,v'.
   Trying pattern rule with stem `all.p'.
   Trying implicit prerequisite `RCS/all.p,v'.
   Trying pattern rule with stem `all.p'.
   Trying implicit prerequisite `RCS/all.p'.
   Trying pattern rule with stem `all.p'.
   Trying implicit prerequisite `s.all.p'.
   Trying pattern rule with stem `all.p'.
   Trying implicit prerequisite `SCCS/s.all.p'.
   Trying pattern rule with stem `all'.
   Trying implicit prerequisite `all.web'.
   Looking for a rule with intermediate file `all.web'.
    Avoiding implicit rule recursion.
    Avoiding implicit rule recursion.
    Avoiding implicit rule recursion.
    Trying pattern rule with stem `all.web'.
    Trying implicit prerequisite `all.web,v'.
    Trying pattern rule with stem `all.web'.
    Trying implicit prerequisite `RCS/all.web,v'.
    Trying pattern rule with stem `all.web'.
    Trying implicit prerequisite `RCS/all.web'.
    Trying pattern rule with stem `all.web'.
    Trying implicit prerequisite `s.all.web'.
    Trying pattern rule with stem `all.web'.
    Trying implicit prerequisite `SCCS/s.all.web'.
  Trying pattern rule with stem `all'.
  Trying implicit prerequisite `all.f'.
  Looking for a rule with intermediate file `all.f'.
   Avoiding implicit rule recursion.
   Avoiding implicit rule recursion.
   Trying pattern rule with stem `all'.
   Trying implicit prerequisite `all.F'.
   Trying pattern rule with stem `all'.
   Trying implicit prerequisite `all.r'.
   Trying pattern rule with stem `all.f'.
   Trying implicit prerequisite `all.f,v'.
   Trying pattern rule with stem `all.f'.
   Trying implicit prerequisite `RCS/all.f,v'.
   Trying pattern rule with stem `all.f'.
   Trying implicit prerequisite `RCS/all.f'.
   Trying pattern rule with stem `all.f'.
   Trying implicit prerequisite `s.all.f'.
   Trying pattern rule with stem `all.f'.
   Trying implicit prerequisite `SCCS/s.all.f'.
   Trying pattern rule with stem `all'.
   Trying implicit prerequisite `all.F'.
   Looking for a rule with intermediate file `all.F'.
    Avoiding implicit rule recursion.
    Avoiding implicit rule recursion.
    Avoiding implicit rule recursion.
    Trying pattern rule with stem `all.F'.
    Trying implicit prerequisite `all.F,v'.
    Trying pattern rule with stem `all.F'.
    Trying implicit prerequisite `RCS/all.F,v'.
    Trying pattern rule with stem `all.F'.
    Trying implicit prerequisite `RCS/all.F'.
    Trying pattern rule with stem `all.F'.
    Trying implicit prerequisite `s.all.F'.
    Trying pattern rule with stem `all.F'.
    Trying implicit prerequisite `SCCS/s.all.F'.
   Trying pattern rule with stem `all'.
   Trying implicit prerequisite `all.r'.
   Looking for a rule with intermediate file `all.r'.
    Avoiding implicit rule recursion.
    Avoiding implicit rule recursion.
    Avoiding implicit rule recursion.
    Trying pattern rule with stem `all'.
    Rejecting impossible implicit prerequisite `all.l'.
    Trying pattern rule with stem `all.r'.
    Trying implicit prerequisite `all.r,v'.
    Trying pattern rule with stem `all.r'.
    Trying implicit prerequisite `RCS/all.r,v'.
    Trying pattern rule with stem `all.r'.
    Trying implicit prerequisite `RCS/all.r'.
    Trying pattern rule with stem `all.r'.
    Trying implicit prerequisite `s.all.r'.
    Trying pattern rule with stem `all.r'.
    Trying implicit prerequisite `SCCS/s.all.r'.
  Trying pattern rule with stem `all'.
  Rejecting impossible implicit prerequisite `all.F'.
  Trying pattern rule with stem `all'.
  Trying implicit prerequisite `all.m'.
  Looking for a rule with intermediate file `all.m'.
   Avoiding implicit rule recursion.
   Avoiding implicit rule recursion.
   Trying pattern rule with stem `all'.
   Trying implicit prerequisite `all.ym'.
   Trying pattern rule with stem `all'.
   Trying implicit prerequisite `all.lm'.
   Trying pattern rule with stem `all.m'.
   Trying implicit prerequisite `all.m,v'.
   Trying pattern rule with stem `all.m'.
   Trying implicit prerequisite `RCS/all.m,v'.
   Trying pattern rule with stem `all.m'.
   Trying implicit prerequisite `RCS/all.m'.
   Trying pattern rule with stem `all.m'.
   Trying implicit prerequisite `s.all.m'.
   Trying pattern rule with stem `all.m'.
   Trying implicit prerequisite `SCCS/s.all.m'.
   Trying pattern rule with stem `all'.
   Trying implicit prerequisite `all.ym'.
   Looking for a rule with intermediate file `all.ym'.
    Avoiding implicit rule recursion.
    Avoiding implicit rule recursion.
    Avoiding implicit rule recursion.
    Trying pattern rule with stem `all.ym'.
    Trying implicit prerequisite `all.ym,v'.
    Trying pattern rule with stem `all.ym'.
    Trying implicit prerequisite `RCS/all.ym,v'.
    Trying pattern rule with stem `all.ym'.
    Trying implicit prerequisite `RCS/all.ym'.
    Trying pattern rule with stem `all.ym'.
    Trying implicit prerequisite `s.all.ym'.
    Trying pattern rule with stem `all.ym'.
    Trying implicit prerequisite `SCCS/s.all.ym'.
   Trying pattern rule with stem `all'.
   Trying implicit prerequisite `all.lm'.
   Looking for a rule with intermediate file `all.lm'.
    Avoiding implicit rule recursion.
    Avoiding implicit rule recursion.
    Avoiding implicit rule recursion.
    Trying pattern rule with stem `all.lm'.
    Trying implicit prerequisite `all.lm,v'.
    Trying pattern rule with stem `all.lm'.
    Trying implicit prerequisite `RCS/all.lm,v'.
    Trying pattern rule with stem `all.lm'.
    Trying implicit prerequisite `RCS/all.lm'.
    Trying pattern rule with stem `all.lm'.
    Trying implicit prerequisite `s.all.lm'.
    Trying pattern rule with stem `all.lm'.
    Trying implicit prerequisite `SCCS/s.all.lm'.
  Trying pattern rule with stem `all'.
  Rejecting impossible implicit prerequisite `all.r'.
  Trying pattern rule with stem `all'.
  Trying implicit prerequisite `all.s'.
  Looking for a rule with intermediate file `all.s'.
   Avoiding implicit rule recursion.
   Avoiding implicit rule recursion.
   Trying pattern rule with stem `all'.
   Trying implicit prerequisite `all.S'.
   Trying pattern rule with stem `all.s'.
   Trying implicit prerequisite `all.s,v'.
   Trying pattern rule with stem `all.s'.
   Trying implicit prerequisite `RCS/all.s,v'.
   Trying pattern rule with stem `all.s'.
   Trying implicit prerequisite `RCS/all.s'.
   Trying pattern rule with stem `all.s'.
   Trying implicit prerequisite `s.all.s'.
   Trying pattern rule with stem `all.s'.
   Trying implicit prerequisite `SCCS/s.all.s'.
   Trying pattern rule with stem `all'.
   Trying implicit prerequisite `all.S'.
   Looking for a rule with intermediate file `all.S'.
    Avoiding implicit rule recursion.
    Avoiding implicit rule recursion.
    Avoiding implicit rule recursion.
    Trying pattern rule with stem `all.S'.
    Trying implicit prerequisite `all.S,v'.
    Trying pattern rule with stem `all.S'.
    Trying implicit prerequisite `RCS/all.S,v'.
    Trying pattern rule with stem `all.S'.
    Trying implicit prerequisite `RCS/all.S'.
    Trying pattern rule with stem `all.S'.
    Trying implicit prerequisite `s.all.S'.
    Trying pattern rule with stem `all.S'.
    Trying implicit prerequisite `SCCS/s.all.S'.
  Trying pattern rule with stem `all'.
  Rejecting impossible implicit prerequisite `all.S'.
  Trying pattern rule with stem `all'.
  Trying implicit prerequisite `all.mod'.
  Looking for a rule with intermediate file `all.mod'.
   Avoiding implicit rule recursion.
   Avoiding implicit rule recursion.
   Trying pattern rule with stem `all.mod'.
   Trying implicit prerequisite `all.mod,v'.
   Trying pattern rule with stem `all.mod'.
   Trying implicit prerequisite `RCS/all.mod,v'.
   Trying pattern rule with stem `all.mod'.
   Trying implicit prerequisite `RCS/all.mod'.
   Trying pattern rule with stem `all.mod'.
   Trying implicit prerequisite `s.all.mod'.
   Trying pattern rule with stem `all.mod'.
   Trying implicit prerequisite `SCCS/s.all.mod'.
 Trying pattern rule with stem `all'.
 Rejecting impossible implicit prerequisite `all.c'.
 Trying pattern rule with stem `all'.
 Rejecting impossible implicit prerequisite `all.cc'.
 Trying pattern rule with stem `all'.
 Rejecting impossible implicit prerequisite `all.C'.
 Trying pattern rule with stem `all'.
 Rejecting impossible implicit prerequisite `all.cpp'.
 Trying pattern rule with stem `all'.
 Rejecting impossible implicit prerequisite `all.p'.
 Trying pattern rule with stem `all'.
 Rejecting impossible implicit prerequisite `all.f'.
 Trying pattern rule with stem `all'.
 Rejecting impossible implicit prerequisite `all.F'.
 Trying pattern rule with stem `all'.
 Rejecting impossible implicit prerequisite `all.m'.
 Trying pattern rule with stem `all'.
 Rejecting impossible implicit prerequisite `all.r'.
 Trying pattern rule with stem `all'.
 Rejecting impossible implicit prerequisite `all.s'.
 Trying pattern rule with stem `all'.
 Rejecting impossible implicit prerequisite `all.S'.
 Trying pattern rule with stem `all'.
 Rejecting impossible implicit prerequisite `all.mod'.
 Trying pattern rule with stem `all'.
 Trying implicit prerequisite `all.sh'.
 Looking for a rule with intermediate file `all.sh'.
  Avoiding implicit rule recursion.
  Trying pattern rule with stem `all.sh'.
  Trying implicit prerequisite `all.sh,v'.
  Trying pattern rule with stem `all.sh'.
  Trying implicit prerequisite `RCS/all.sh,v'.
  Trying pattern rule with stem `all.sh'.
  Trying implicit prerequisite `RCS/all.sh'.
  Trying pattern rule with stem `all.sh'.
  Trying implicit prerequisite `s.all.sh'.
  Trying pattern rule with stem `all.sh'.
  Trying implicit prerequisite `SCCS/s.all.sh'.
 No implicit rule found for `all'.
 Finished prerequisites of target file `all'.
Must remake target `all'.
make: *** No rule to make target `all'.  Stop.
